<?xml version="1.0" encoding="UTF-8"?>
<!-- Generated by org.testng.reporters.JUnitReportReporter -->
<testsuite hostname="LAPTOP-QKCURUKN" failures="0" tests="1" name="com.quantum.LoginTestCases" time="9.657" errors="0" timestamp="2024-08-14T21:49:58 IST" skipped="0">
  <testcase classname="com.quantum.LoginTestCases" name="SuccessfulLogin" time="9.657"/>
</testsuite> <!-- com.quantum.LoginTestCases -->
