<?xml version="1.0" encoding="UTF-8"?>
<!-- Generated by org.testng.reporters.JUnitReportReporter -->
<testsuite hostname="LAPTOP-QKCURUKN" failures="0" tests="1" name="com.quantum.LoginTestCases" time="13.377" errors="0" timestamp="2024-08-16T14:04:50 IST" skipped="0">
  <testcase classname="com.quantum.LoginTestCases" name="SuccessfulLogin" time="13.377"/>
</testsuite> <!-- com.quantum.LoginTestCases -->
