<?xml version="1.0" encoding="UTF-8"?>
<!-- Generated by org.testng.reporters.JUnitReportReporter -->
<testsuite hostname="PRUTHVI" failures="0" tests="1" name="com.quantum.ForgotPassword" time="8.184" errors="0" timestamp="2024-08-27T12:09:06 IST" skipped="0">
  <testcase classname="com.quantum.ForgotPassword" name="testForgotPasswordLinkIsDisplayed" time="8.184"/>
</testsuite> <!-- com.quantum.ForgotPassword -->
