<?xml version="1.0" encoding="UTF-8"?>
<!-- Generated by org.testng.reporters.JUnitReportReporter -->
<testsuite hostname="LAPTOP-QKCURUKN" failures="0" tests="1" name="com.quantum.LoginTestCases" time="3.163" errors="0" timestamp="2024-08-18T16:35:50 IST" skipped="0">
  <testcase classname="com.quantum.LoginTestCases" name="testHomeLinkIsDisplayed" time="3.163"/>
</testsuite> <!-- com.quantum.LoginTestCases -->
