<?xml version="1.0" encoding="UTF-8"?>
<!-- Generated by org.testng.reporters.JUnitReportReporter -->
<testsuite hostname="LAPTOP-QKCURUKN" failures="0" tests="1" name="com.quantum.LoginTestCases" time="11.796" errors="0" timestamp="2024-08-20T10:05:17 IST" skipped="0">
  <testcase classname="com.quantum.LoginTestCases" name="Loginwithinvalidcred" time="11.796"/>
</testsuite> <!-- com.quantum.LoginTestCases -->
