<?xml version="1.0" encoding="UTF-8"?>
<!-- Generated by org.testng.reporters.JUnitReportReporter -->
<testsuite hostname="LAPTOP-QKCURUKN" failures="0" tests="1" name="com.quantum.SignUp" time="6.308" errors="0" timestamp="2024-08-23T15:39:08 IST" skipped="0">
  <testcase classname="com.quantum.SignUp" name="Signup" time="6.308"/>
</testsuite> <!-- com.quantum.SignUp -->
